<?xml version="1.0" encoding="UTF-8"?>
<!-- Generated by org.testng.reporters.JUnitReportReporter -->
<testsuite hostname="TENDLYWALL-LAP" failures="0" tests="1" name="PS1" time="0.014" errors="0" timestamp="2023-03-23T22:48:29 EDT" skipped="0">
  <testcase classname="PS1" name="testRun" time="0.014"/>
  <system-out/>
</testsuite> <!-- PS1 -->
